<?xml version="1.0" encoding="UTF-8"?>
<testng-results ignored="0" total="1" passed="1" failed="0" skipped="0">
  <reporter-output>
  </reporter-output>
  <suite started-at="2022-06-22T16:11:33 IST" name="Default suite" finished-at="2022-06-22T16:11:37 IST" duration-ms="4491">
    <groups>
    </groups>
    <test started-at="2022-06-22T16:11:33 IST" name="Default test" finished-at="2022-06-22T16:11:37 IST" duration-ms="4491">
      <class name="com.testCase.DELETE_C2TA">
        <test-method signature="delete()[pri:0, instance:com.testCase.DELETE_C2TA@41e1e210]" started-at="2022-06-22T16:11:33 IST" name="delete" finished-at="2022-06-22T16:11:37 IST" duration-ms="4424" status="PASS">
          <reporter-output>
          </reporter-output>
        </test-method> <!-- delete -->
      </class> <!-- com.testCase.DELETE_C2TA -->
    </test> <!-- Default test -->
  </suite> <!-- Default suite -->
</testng-results>
